{
  "uid" : "693aeed1ff63694b",
  "name" : "Test_Process.test_004",
  "fullName" : "qyer_web.Scripts.po_Run.Test_Process.test_004",
  "historyId" : "2a643893bcdf364ed84b6114d4c53472",
  "time" : {
    "start" : 1529849224018,
    "stop" : 1529849239969,
    "duration" : 15951
  },
  "description" : "",
  "descriptionHtml" : "",
  "status" : "failed",
  "statusMessage" : "WebDriverException: Message: unknown error: Element <input data-bn-ipg=\"lm-detail-booking-main\" type=\"submit\" class=\"_2zesKXWckzwAzcwWqgX4SF_0\" value=\"立即预订\"> is not clickable at point (1131, 545). Other element would receive the click: <div class=\"q-footer-banner\">...</div>\n  (Session info: chrome=63.0.3239.108)\n  (Driver info: chromedriver=2.34.522940 (1a76f96f66e3ca7b8e57d503b4dd3bccfba87af1),platform=Windows NT 10.0.17134 x86_64)\n",
  "statusTrace" : "self = <qyer_web.Scripts.po_Run.Test_Process object at 0x000001803EF788D0>\n\n    @allure.step(title='OrderPage')\n    def test_004(self):\n        self.order.confirm_month()\n        self.order.confirm_day()\n>       self.order.confirm_submit()\n\npo_Run.py:67: \n_ _ _ _ _ _ _ _ _ _ _ _ _ _ _ _ _ _ _ _ _ _ _ _ _ _ _ _ _ _ _ _ _ _ _ _ _ _ _ _\n..\\Page\\OrderPage.py:21: in confirm_submit\n    self.click_element(qyer_web.Page.conf_submit)\n..\\Comm\\common.py:23: in click_element\n    self.loca_element(loc).click()\nc:\\users\\11067\\appdata\\local\\programs\\python\\python35\\lib\\site-packages\\selenium\\webdriver\\remote\\webelement.py:74: in click\n    self._execute(Command.CLICK_ELEMENT)\nc:\\users\\11067\\appdata\\local\\programs\\python\\python35\\lib\\site-packages\\selenium\\webdriver\\remote\\webelement.py:457: in _execute\n    return self._parent.execute(command, params)\nc:\\users\\11067\\appdata\\local\\programs\\python\\python35\\lib\\site-packages\\selenium\\webdriver\\remote\\webdriver.py:233: in execute\n    self.error_handler.check_response(response)\n_ _ _ _ _ _ _ _ _ _ _ _ _ _ _ _ _ _ _ _ _ _ _ _ _ _ _ _ _ _ _ _ _ _ _ _ _ _ _ _\n\nself = <selenium.webdriver.remote.errorhandler.ErrorHandler object at 0x000001803EF60908>\nresponse = {'sessionId': 'f197cc16ac4395edfdc29968d3a1a862', 'status': 13, 'value': {'message': 'unknown error: Element <input da...ver info: chromedriver=2.34.522940 (1a76f96f66e3ca7b8e57d503b4dd3bccfba87af1),platform=Windows NT 10.0.17134 x86_64)'}}\n\n    def check_response(self, response):\n        \"\"\"\n            Checks that a JSON response from the WebDriver does not have an error.\n    \n            :Args:\n             - response - The JSON response from the WebDriver server as a dictionary\n               object.\n    \n            :Raises: If the response contains an error message.\n            \"\"\"\n        status = response.get('status', None)\n        if status is None or status == ErrorCode.SUCCESS:\n            return\n    \n        value = None\n        message = response.get(\"message\", \"\")\n        screen = response.get(\"screen\", \"\")\n        stacktrace = None\n        if isinstance(status, int):\n            value_json = response.get('value', None)\n            if value_json and isinstance(value_json, basestring):\n                import json\n                try:\n                    value = json.loads(value_json)\n                    status = value.get('error', None)\n                    if status is None:\n                        status = value[\"status\"]\n                        message = value[\"value\"]\n                        if not isinstance(message, basestring):\n                            value = message\n                            try:\n                                message = message['message']\n                            except TypeError:\n                                message = None\n                    else:\n                        message = value.get('message', None)\n                except ValueError:\n                    pass\n    \n        exception_class = ErrorInResponseException\n        if status in ErrorCode.NO_SUCH_ELEMENT:\n            exception_class = NoSuchElementException\n        elif status in ErrorCode.NO_SUCH_FRAME:\n            exception_class = NoSuchFrameException\n        elif status in ErrorCode.NO_SUCH_WINDOW:\n            exception_class = NoSuchWindowException\n        elif status in ErrorCode.STALE_ELEMENT_REFERENCE:\n            exception_class = StaleElementReferenceException\n        elif status in ErrorCode.ELEMENT_NOT_VISIBLE:\n            exception_class = ElementNotVisibleException\n        elif status in ErrorCode.INVALID_ELEMENT_STATE:\n            exception_class = InvalidElementStateException\n        elif status in ErrorCode.INVALID_SELECTOR \\\n                or status in ErrorCode.INVALID_XPATH_SELECTOR \\\n                or status in ErrorCode.INVALID_XPATH_SELECTOR_RETURN_TYPER:\n            exception_class = InvalidSelectorException\n        elif status in ErrorCode.ELEMENT_IS_NOT_SELECTABLE:\n            exception_class = ElementNotSelectableException\n        elif status in ErrorCode.INVALID_COOKIE_DOMAIN:\n            exception_class = WebDriverException\n        elif status in ErrorCode.UNABLE_TO_SET_COOKIE:\n            exception_class = WebDriverException\n        elif status in ErrorCode.TIMEOUT:\n            exception_class = TimeoutException\n        elif status in ErrorCode.SCRIPT_TIMEOUT:\n            exception_class = TimeoutException\n        elif status in ErrorCode.UNKNOWN_ERROR:\n            exception_class = WebDriverException\n        elif status in ErrorCode.UNEXPECTED_ALERT_OPEN:\n            exception_class = UnexpectedAlertPresentException\n        elif status in ErrorCode.NO_ALERT_OPEN:\n            exception_class = NoAlertPresentException\n        elif status in ErrorCode.IME_NOT_AVAILABLE:\n            exception_class = ImeNotAvailableException\n        elif status in ErrorCode.IME_ENGINE_ACTIVATION_FAILED:\n            exception_class = ImeActivationFailedException\n        elif status in ErrorCode.MOVE_TARGET_OUT_OF_BOUNDS:\n            exception_class = MoveTargetOutOfBoundsException\n        else:\n            exception_class = WebDriverException\n        if value == '' or value is None:\n            value = response['value']\n        if isinstance(value, basestring):\n            if exception_class == ErrorInResponseException:\n                raise exception_class(response, value)\n            raise exception_class(value)\n        if message == \"\" and 'message' in value:\n            message = value['message']\n    \n        screen = None\n        if 'screen' in value:\n            screen = value['screen']\n    \n        stacktrace = None\n        if 'stackTrace' in value and value['stackTrace']:\n            stacktrace = []\n            try:\n                for frame in value['stackTrace']:\n                    line = self._value_or_default(frame, 'lineNumber', '')\n                    file = self._value_or_default(frame, 'fileName', '<anonymous>')\n                    if line:\n                        file = \"%s:%s\" % (file, line)\n                    meth = self._value_or_default(frame, 'methodName', '<anonymous>')\n                    if 'className' in frame:\n                        meth = \"%s.%s\" % (frame['className'], meth)\n                    msg = \"    at %s (%s)\"\n                    msg = msg % (meth, file)\n                    stacktrace.append(msg)\n            except TypeError:\n                pass\n        if exception_class == ErrorInResponseException:\n            raise exception_class(response, message)\n        elif exception_class == UnexpectedAlertPresentException and 'alert' in value:\n            raise exception_class(message, screen, stacktrace, value['alert'].get('text'))\n>       raise exception_class(message, screen, stacktrace)\nE       selenium.common.exceptions.WebDriverException: Message: unknown error: Element <input data-bn-ipg=\"lm-detail-booking-main\" type=\"submit\" class=\"_2zesKXWckzwAzcwWqgX4SF_0\" value=\"立即预订\"> is not clickable at point (1131, 545). Other element would receive the click: <div class=\"q-footer-banner\">...</div>\nE         (Session info: chrome=63.0.3239.108)\nE         (Driver info: chromedriver=2.34.522940 (1a76f96f66e3ca7b8e57d503b4dd3bccfba87af1),platform=Windows NT 10.0.17134 x86_64)\n\nc:\\users\\11067\\appdata\\local\\programs\\python\\python35\\lib\\site-packages\\selenium\\webdriver\\remote\\errorhandler.py:194: WebDriverException",
  "flaky" : false,
  "beforeStages" : [ ],
  "testStage" : {
    "status" : "failed",
    "statusMessage" : "WebDriverException: Message: unknown error: Element <input data-bn-ipg=\"lm-detail-booking-main\" type=\"submit\" class=\"_2zesKXWckzwAzcwWqgX4SF_0\" value=\"立即预订\"> is not clickable at point (1131, 545). Other element would receive the click: <div class=\"q-footer-banner\">...</div>\n  (Session info: chrome=63.0.3239.108)\n  (Driver info: chromedriver=2.34.522940 (1a76f96f66e3ca7b8e57d503b4dd3bccfba87af1),platform=Windows NT 10.0.17134 x86_64)\n",
    "statusTrace" : "self = <qyer_web.Scripts.po_Run.Test_Process object at 0x000001803EF788D0>\n\n    @allure.step(title='OrderPage')\n    def test_004(self):\n        self.order.confirm_month()\n        self.order.confirm_day()\n>       self.order.confirm_submit()\n\npo_Run.py:67: \n_ _ _ _ _ _ _ _ _ _ _ _ _ _ _ _ _ _ _ _ _ _ _ _ _ _ _ _ _ _ _ _ _ _ _ _ _ _ _ _\n..\\Page\\OrderPage.py:21: in confirm_submit\n    self.click_element(qyer_web.Page.conf_submit)\n..\\Comm\\common.py:23: in click_element\n    self.loca_element(loc).click()\nc:\\users\\11067\\appdata\\local\\programs\\python\\python35\\lib\\site-packages\\selenium\\webdriver\\remote\\webelement.py:74: in click\n    self._execute(Command.CLICK_ELEMENT)\nc:\\users\\11067\\appdata\\local\\programs\\python\\python35\\lib\\site-packages\\selenium\\webdriver\\remote\\webelement.py:457: in _execute\n    return self._parent.execute(command, params)\nc:\\users\\11067\\appdata\\local\\programs\\python\\python35\\lib\\site-packages\\selenium\\webdriver\\remote\\webdriver.py:233: in execute\n    self.error_handler.check_response(response)\n_ _ _ _ _ _ _ _ _ _ _ _ _ _ _ _ _ _ _ _ _ _ _ _ _ _ _ _ _ _ _ _ _ _ _ _ _ _ _ _\n\nself = <selenium.webdriver.remote.errorhandler.ErrorHandler object at 0x000001803EF60908>\nresponse = {'sessionId': 'f197cc16ac4395edfdc29968d3a1a862', 'status': 13, 'value': {'message': 'unknown error: Element <input da...ver info: chromedriver=2.34.522940 (1a76f96f66e3ca7b8e57d503b4dd3bccfba87af1),platform=Windows NT 10.0.17134 x86_64)'}}\n\n    def check_response(self, response):\n        \"\"\"\n            Checks that a JSON response from the WebDriver does not have an error.\n    \n            :Args:\n             - response - The JSON response from the WebDriver server as a dictionary\n               object.\n    \n            :Raises: If the response contains an error message.\n            \"\"\"\n        status = response.get('status', None)\n        if status is None or status == ErrorCode.SUCCESS:\n            return\n    \n        value = None\n        message = response.get(\"message\", \"\")\n        screen = response.get(\"screen\", \"\")\n        stacktrace = None\n        if isinstance(status, int):\n            value_json = response.get('value', None)\n            if value_json and isinstance(value_json, basestring):\n                import json\n                try:\n                    value = json.loads(value_json)\n                    status = value.get('error', None)\n                    if status is None:\n                        status = value[\"status\"]\n                        message = value[\"value\"]\n                        if not isinstance(message, basestring):\n                            value = message\n                            try:\n                                message = message['message']\n                            except TypeError:\n                                message = None\n                    else:\n                        message = value.get('message', None)\n                except ValueError:\n                    pass\n    \n        exception_class = ErrorInResponseException\n        if status in ErrorCode.NO_SUCH_ELEMENT:\n            exception_class = NoSuchElementException\n        elif status in ErrorCode.NO_SUCH_FRAME:\n            exception_class = NoSuchFrameException\n        elif status in ErrorCode.NO_SUCH_WINDOW:\n            exception_class = NoSuchWindowException\n        elif status in ErrorCode.STALE_ELEMENT_REFERENCE:\n            exception_class = StaleElementReferenceException\n        elif status in ErrorCode.ELEMENT_NOT_VISIBLE:\n            exception_class = ElementNotVisibleException\n        elif status in ErrorCode.INVALID_ELEMENT_STATE:\n            exception_class = InvalidElementStateException\n        elif status in ErrorCode.INVALID_SELECTOR \\\n                or status in ErrorCode.INVALID_XPATH_SELECTOR \\\n                or status in ErrorCode.INVALID_XPATH_SELECTOR_RETURN_TYPER:\n            exception_class = InvalidSelectorException\n        elif status in ErrorCode.ELEMENT_IS_NOT_SELECTABLE:\n            exception_class = ElementNotSelectableException\n        elif status in ErrorCode.INVALID_COOKIE_DOMAIN:\n            exception_class = WebDriverException\n        elif status in ErrorCode.UNABLE_TO_SET_COOKIE:\n            exception_class = WebDriverException\n        elif status in ErrorCode.TIMEOUT:\n            exception_class = TimeoutException\n        elif status in ErrorCode.SCRIPT_TIMEOUT:\n            exception_class = TimeoutException\n        elif status in ErrorCode.UNKNOWN_ERROR:\n            exception_class = WebDriverException\n        elif status in ErrorCode.UNEXPECTED_ALERT_OPEN:\n            exception_class = UnexpectedAlertPresentException\n        elif status in ErrorCode.NO_ALERT_OPEN:\n            exception_class = NoAlertPresentException\n        elif status in ErrorCode.IME_NOT_AVAILABLE:\n            exception_class = ImeNotAvailableException\n        elif status in ErrorCode.IME_ENGINE_ACTIVATION_FAILED:\n            exception_class = ImeActivationFailedException\n        elif status in ErrorCode.MOVE_TARGET_OUT_OF_BOUNDS:\n            exception_class = MoveTargetOutOfBoundsException\n        else:\n            exception_class = WebDriverException\n        if value == '' or value is None:\n            value = response['value']\n        if isinstance(value, basestring):\n            if exception_class == ErrorInResponseException:\n                raise exception_class(response, value)\n            raise exception_class(value)\n        if message == \"\" and 'message' in value:\n            message = value['message']\n    \n        screen = None\n        if 'screen' in value:\n            screen = value['screen']\n    \n        stacktrace = None\n        if 'stackTrace' in value and value['stackTrace']:\n            stacktrace = []\n            try:\n                for frame in value['stackTrace']:\n                    line = self._value_or_default(frame, 'lineNumber', '')\n                    file = self._value_or_default(frame, 'fileName', '<anonymous>')\n                    if line:\n                        file = \"%s:%s\" % (file, line)\n                    meth = self._value_or_default(frame, 'methodName', '<anonymous>')\n                    if 'className' in frame:\n                        meth = \"%s.%s\" % (frame['className'], meth)\n                    msg = \"    at %s (%s)\"\n                    msg = msg % (meth, file)\n                    stacktrace.append(msg)\n            except TypeError:\n                pass\n        if exception_class == ErrorInResponseException:\n            raise exception_class(response, message)\n        elif exception_class == UnexpectedAlertPresentException and 'alert' in value:\n            raise exception_class(message, screen, stacktrace, value['alert'].get('text'))\n>       raise exception_class(message, screen, stacktrace)\nE       selenium.common.exceptions.WebDriverException: Message: unknown error: Element <input data-bn-ipg=\"lm-detail-booking-main\" type=\"submit\" class=\"_2zesKXWckzwAzcwWqgX4SF_0\" value=\"立即预订\"> is not clickable at point (1131, 545). Other element would receive the click: <div class=\"q-footer-banner\">...</div>\nE         (Session info: chrome=63.0.3239.108)\nE         (Driver info: chromedriver=2.34.522940 (1a76f96f66e3ca7b8e57d503b4dd3bccfba87af1),platform=Windows NT 10.0.17134 x86_64)\n\nc:\\users\\11067\\appdata\\local\\programs\\python\\python35\\lib\\site-packages\\selenium\\webdriver\\remote\\errorhandler.py:194: WebDriverException",
    "steps" : [ {
      "name" : "OrderPage",
      "time" : {
        "start" : 1529849224019,
        "stop" : 1529849239893,
        "duration" : 15874
      },
      "status" : "failed",
      "statusMessage" : "self = <qyer_web.Scripts.po_Run.Test_Process object at 0x000001803EF788D0>\n\n    @allure.step(title='OrderPage')\n    def test_004(self):\n        self.order.confirm_month()\n        self.order.confirm_day()\n>       self.order.confirm_submit()\n\npo_Run.py:67: \n_ _ _ _ _ _ _ _ _ _ _ _ _ _ _ _ _ _ _ _ _ _ _ _ _ _ _ _ _ _ _ _ _ _ _ _ _ _ _ _\n..\\Page\\OrderPage.py:21: in confirm_submit\n    self.click_element(qyer_web.Page.conf_submit)\n..\\Comm\\common.py:23: in click_element\n    self.loca_element(loc).click()\nc:\\users\\11067\\appdata\\local\\programs\\python\\python35\\lib\\site-packages\\selenium\\webdriver\\remote\\webelement.py:74: in click\n    self._execute(Command.CLICK_ELEMENT)\nc:\\users\\11067\\appdata\\local\\programs\\python\\python35\\lib\\site-packages\\selenium\\webdriver\\remote\\webelement.py:457: in _execute\n    return self._parent.execute(command, params)\nc:\\users\\11067\\appdata\\local\\programs\\python\\python35\\lib\\site-packages\\selenium\\webdriver\\remote\\webdriver.py:233: in execute\n    self.error_handler.check_response(response)\n_ _ _ _ _ _ _ _ _ _ _ _ _ _ _ _ _ _ _ _ _ _ _ _ _ _ _ _ _ _ _ _ _ _ _ _ _ _ _ _\n\nself = <selenium.webdriver.remote.errorhandler.ErrorHandler object at 0x000001803EF60908>\nresponse = {'sessionId': 'f197cc16ac4395edfdc29968d3a1a862', 'status': 13, 'value': {'message': 'unknown error: Element <input da...ver info: chromedriver=2.34.522940 (1a76f96f66e3ca7b8e57d503b4dd3bccfba87af1),platform=Windows NT 10.0.17134 x86_64)'}}\n\n    def check_response(self, response):\n        \"\"\"\n            Checks that a JSON response from the WebDriver does not have an error.\n    \n            :Args:\n             - response - The JSON response from the WebDriver server as a dictionary\n               object.\n    \n            :Raises: If the response contains an error message.\n            \"\"\"\n        status = response.get('status', None)\n        if status is None or status == ErrorCode.SUCCESS:\n            return\n    \n        value = None\n        message = response.get(\"message\", \"\")\n        screen = response.get(\"screen\", \"\")\n        stacktrace = None\n        if isinstance(status, int):\n            value_json = response.get('value', None)\n            if value_json and isinstance(value_json, basestring):\n                import json\n                try:\n                    value = json.loads(value_json)\n                    status = value.get('error', None)\n                    if status is None:\n                        status = value[\"status\"]\n                        message = value[\"value\"]\n                        if not isinstance(message, basestring):\n                            value = message\n                            try:\n                                message = message['message']\n                            except TypeError:\n                                message = None\n                    else:\n                        message = value.get('message', None)\n                except ValueError:\n                    pass\n    \n        exception_class = ErrorInResponseException\n        if status in ErrorCode.NO_SUCH_ELEMENT:\n            exception_class = NoSuchElementException\n        elif status in ErrorCode.NO_SUCH_FRAME:\n            exception_class = NoSuchFrameException\n        elif status in ErrorCode.NO_SUCH_WINDOW:\n            exception_class = NoSuchWindowException\n        elif status in ErrorCode.STALE_ELEMENT_REFERENCE:\n            exception_class = StaleElementReferenceException\n        elif status in ErrorCode.ELEMENT_NOT_VISIBLE:\n            exception_class = ElementNotVisibleException\n        elif status in ErrorCode.INVALID_ELEMENT_STATE:\n            exception_class = InvalidElementStateException\n        elif status in ErrorCode.INVALID_SELECTOR \\\n                or status in ErrorCode.INVALID_XPATH_SELECTOR \\\n                or status in ErrorCode.INVALID_XPATH_SELECTOR_RETURN_TYPER:\n            exception_class = InvalidSelectorException\n        elif status in ErrorCode.ELEMENT_IS_NOT_SELECTABLE:\n            exception_class = ElementNotSelectableException\n        elif status in ErrorCode.INVALID_COOKIE_DOMAIN:\n            exception_class = WebDriverException\n        elif status in ErrorCode.UNABLE_TO_SET_COOKIE:\n            exception_class = WebDriverException\n        elif status in ErrorCode.TIMEOUT:\n            exception_class = TimeoutException\n        elif status in ErrorCode.SCRIPT_TIMEOUT:\n            exception_class = TimeoutException\n        elif status in ErrorCode.UNKNOWN_ERROR:\n            exception_class = WebDriverException\n        elif status in ErrorCode.UNEXPECTED_ALERT_OPEN:\n            exception_class = UnexpectedAlertPresentException\n        elif status in ErrorCode.NO_ALERT_OPEN:\n            exception_class = NoAlertPresentException\n        elif status in ErrorCode.IME_NOT_AVAILABLE:\n            exception_class = ImeNotAvailableException\n        elif status in ErrorCode.IME_ENGINE_ACTIVATION_FAILED:\n            exception_class = ImeActivationFailedException\n        elif status in ErrorCode.MOVE_TARGET_OUT_OF_BOUNDS:\n            exception_class = MoveTargetOutOfBoundsException\n        else:\n            exception_class = WebDriverException\n        if value == '' or value is None:\n            value = response['value']\n        if isinstance(value, basestring):\n            if exception_class == ErrorInResponseException:\n                raise exception_class(response, value)\n            raise exception_class(value)\n        if message == \"\" and 'message' in value:\n            message = value['message']\n    \n        screen = None\n        if 'screen' in value:\n            screen = value['screen']\n    \n        stacktrace = None\n        if 'stackTrace' in value and value['stackTrace']:\n            stacktrace = []\n            try:\n                for frame in value['stackTrace']:\n                    line = self._value_or_default(frame, 'lineNumber', '')\n                    file = self._value_or_default(frame, 'fileName', '<anonymous>')\n                    if line:\n                        file = \"%s:%s\" % (file, line)\n                    meth = self._value_or_default(frame, 'methodName', '<anonymous>')\n                    if 'className' in frame:\n                        meth = \"%s.%s\" % (frame['className'], meth)\n                    msg = \"    at %s (%s)\"\n                    msg = msg % (meth, file)\n                    stacktrace.append(msg)\n            except TypeError:\n                pass\n        if exception_class == ErrorInResponseException:\n            raise exception_class(response, message)\n        elif exception_class == UnexpectedAlertPresentException and 'alert' in value:\n            raise exception_class(message, screen, stacktrace, value['alert'].get('text'))\n>       raise exception_class(message, screen, stacktrace)\nE       selenium.common.exceptions.WebDriverException: Message: unknown error: Element <input data-bn-ipg=\"lm-detail-booking-main\" type=\"submit\" class=\"_2zesKXWckzwAzcwWqgX4SF_0\" value=\"立即预订\"> is not clickable at point (1131, 545). Other element would receive the click: <div class=\"q-footer-banner\">...</div>\nE         (Session info: chrome=63.0.3239.108)\nE         (Driver info: chromedriver=2.34.522940 (1a76f96f66e3ca7b8e57d503b4dd3bccfba87af1),platform=Windows NT 10.0.17134 x86_64)\n\nc:\\users\\11067\\appdata\\local\\programs\\python\\python35\\lib\\site-packages\\selenium\\webdriver\\remote\\errorhandler.py:194: WebDriverException",
      "steps" : [ ],
      "attachments" : [ ],
      "parameters" : [ ],
      "hasContent" : true,
      "stepsCount" : 0,
      "attachmentsCount" : 0,
      "shouldDisplayMessage" : true
    } ],
    "attachments" : [ {
      "uid" : "1e7e99fdd2e11cf5",
      "name" : "Captured log call",
      "source" : "1e7e99fdd2e11cf5.txt",
      "type" : "text/plain",
      "size" : 2582
    } ],
    "parameters" : [ ],
    "hasContent" : true,
    "stepsCount" : 1,
    "attachmentsCount" : 1,
    "shouldDisplayMessage" : true
  },
  "afterStages" : [ ],
  "labels" : [ {
    "name" : "framework",
    "value" : "pytest"
  }, {
    "name" : "host",
    "value" : "LAPTOP-HN50CGA9"
  }, {
    "name" : "language",
    "value" : "cpython3"
  }, {
    "name" : "severity",
    "value" : "normal"
  }, {
    "name" : "thread",
    "value" : "8228-MainThread"
  }, {
    "name" : "suite",
    "value" : "qyer_web.Scripts.po_Run"
  }, {
    "name" : "testClass",
    "value" : "qyer_web.Scripts.po_Run"
  }, {
    "name" : "testMethod",
    "value" : "Test_Process.test_004"
  }, {
    "name" : "package",
    "value" : "qyer_web.Scripts.po_Run"
  }, {
    "name" : "resultFormat",
    "value" : "allure1"
  } ],
  "parameters" : [ ],
  "links" : [ ],
  "hidden" : false,
  "retry" : false,
  "extra" : {
    "severity" : "normal",
    "retries" : [ ],
    "categories" : [ {
      "name" : "Product defects",
      "matchedStatuses" : [ ],
      "flaky" : false
    } ],
    "tags" : [ ]
  },
  "source" : "693aeed1ff63694b.json",
  "parameterValues" : [ ]
}